Feb 14, 2025 5:09:04 PM StreakBooster writeTimestampToFile
INFO: Timestamp written to file: 2025-02-14 17:09:04
Feb 14, 2025 5:09:04 PM StreakBooster main
SEVERE: An error occurred
java.io.IOException: Cannot run program "git" (in directory "."): CreateProcess error=2, The system cannot find the file specified
	at java.base/java.lang.ProcessBuilder.start(ProcessBuilder.java:1170)
	at java.base/java.lang.ProcessBuilder.start(ProcessBuilder.java:1089)
	at StreakBooster.executeGitCommand(StreakBooster.java:111)
	at StreakBooster.executeGitCommands(StreakBooster.java:68)
	at StreakBooster.main(StreakBooster.java:34)
Caused by: java.io.IOException: CreateProcess error=2, The system cannot find the file specified
	at java.base/java.lang.ProcessImpl.create(Native Method)
	at java.base/java.lang.ProcessImpl.<init>(ProcessImpl.java:500)
	at java.base/java.lang.ProcessImpl.start(ProcessImpl.java:159)
	at java.base/java.lang.ProcessBuilder.start(ProcessBuilder.java:1126)
	... 4 more

Feb 14, 2025 5:09:04 PM StreakBooster shutdown
INFO: Shutting down resources...
Feb 14, 2025 5:17:46 PM StreakBooster writeTimestampToFile
INFO: Timestamp written to file: 2025-02-14 17:17:46
Feb 14, 2025 5:17:46 PM StreakBooster logStream
WARNING: warning: in the working copy of 'records.txt', LF will be replaced by CRLF the next time Git touches it
Feb 14, 2025 5:17:46 PM StreakBooster logStream
INFO: [main cf33fb0] Auto commit: Update timestamp and logs
Feb 14, 2025 5:17:46 PM StreakBooster logStream
INFO:  2 files changed, 21 insertions(+)
Feb 14, 2025 5:17:50 PM StreakBooster logStream
WARNING: C:/Program Files/Git/mnt/c/Program Files/Git/mingw64/bin/git-credential-manager.exe store: line 1: C:/Program: No such file or directory
Feb 14, 2025 5:17:51 PM StreakBooster logStream
WARNING: To https://github.com/anuragzete/Github-Streaks-Booster.git
Feb 14, 2025 5:17:51 PM StreakBooster logStream
WARNING:    81e0aba..cf33fb0  main -> main
Feb 14, 2025 5:17:51 PM StreakBooster main
INFO: Git push successful.
Feb 14, 2025 5:17:51 PM StreakBooster shutdown
INFO: Shutting down resources...
Feb 15, 2025 7:46:53 PM StreakBooster writeTimestampToFile
INFO: Timestamp written to file: 2025-02-15 19:46:53
Feb 15, 2025 7:46:54 PM StreakBooster logStream
WARNING: warning: in the working copy of 'records.txt', LF will be replaced by CRLF the next time Git touches it
Feb 15, 2025 7:46:54 PM StreakBooster logStream
INFO: [main c7f81cc] Auto commit: Update timestamp and logs
Feb 15, 2025 7:46:54 PM StreakBooster logStream
INFO:  2 files changed, 19 insertions(+)
Feb 15, 2025 7:46:57 PM StreakBooster logStream
WARNING: C:/Program Files/Git/mnt/c/Program Files/Git/mingw64/bin/git-credential-manager.exe store: line 1: C:/Program: No such file or directory
Feb 15, 2025 7:46:59 PM StreakBooster logStream
WARNING: To https://github.com/anuragzete/Github-Streaks-Booster.git
Feb 15, 2025 7:46:59 PM StreakBooster logStream
WARNING:    cf33fb0..c7f81cc  main -> main
Feb 15, 2025 7:46:59 PM StreakBooster main
INFO: Git push successful.
Feb 15, 2025 7:46:59 PM StreakBooster shutdown
INFO: Shutting down resources...
Feb 15, 2025 7:47:35 PM StreakBooster writeTimestampToFile
INFO: Timestamp written to file: 2025-02-15 19:47:35
Feb 15, 2025 7:47:35 PM StreakBooster logStream
WARNING: warning: in the working copy of 'records.txt', LF will be replaced by CRLF the next time Git touches it
Feb 15, 2025 7:47:35 PM StreakBooster logStream
INFO: [main 08b7aa4] Auto commit: Update timestamp and logs
Feb 15, 2025 7:47:35 PM StreakBooster logStream
INFO:  2 files changed, 19 insertions(+)
Feb 15, 2025 7:47:37 PM StreakBooster logStream
WARNING: C:/Program Files/Git/mnt/c/Program Files/Git/mingw64/bin/git-credential-manager.exe store: line 1: C:/Program: No such file or directory
Feb 15, 2025 7:47:38 PM StreakBooster logStream
WARNING: To https://github.com/anuragzete/Github-Streaks-Booster.git
Feb 15, 2025 7:47:38 PM StreakBooster logStream
WARNING:    c7f81cc..08b7aa4  main -> main
Feb 15, 2025 7:47:38 PM StreakBooster main
INFO: Git push successful.
Feb 15, 2025 7:47:38 PM StreakBooster shutdown
INFO: Shutting down resources...
Feb 15, 2025 8:00:01 PM StreakBooster writeTimestampToFile
INFO: Timestamp written to file: 2025-02-15 20:00:01
Feb 15, 2025 8:00:01 PM StreakBooster logStream
WARNING: warning: in the working copy of 'records.txt', LF will be replaced by CRLF the next time Git touches it
Feb 15, 2025 8:00:01 PM StreakBooster logStream
INFO: [main c6fc576] Auto commit: Update timestamp and logs
Feb 15, 2025 8:00:01 PM StreakBooster logStream
INFO:  2 files changed, 19 insertions(+)
Feb 15, 2025 8:00:07 PM StreakBooster isInternetConnected
WARNING: Failed to check internet connectivity: Connect timed out
Feb 15, 2025 8:00:07 PM StreakBooster main
WARNING: No internet connection. Skipping Git push.
Feb 15, 2025 8:00:07 PM StreakBooster shutdown
INFO: Shutting down resources...
